TN:
SF:playwright.config.ts
FN:1,(empty-report)
FNF:1
FNH:0
FNDA:0,(empty-report)
DA:1,0
DA:3,0
DA:5,0
DA:6,0
DA:7,0
DA:8,0
DA:9,0
DA:10,0
DA:11,0
DA:12,0
DA:13,0
LF:11
LH:0
BRDA:1,0,0,0
BRF:1
BRH:0
end_of_record
TN:
SF:src\App.tsx
FN:36,App
FN:86,focusLayer
FN:160,onClick
FNF:3
FNH:3
FNDA:16,App
FNDA:4,focusLayer
FNDA:4,onClick
DA:1,1
DA:2,1
DA:3,1
DA:23,1
DA:24,1
DA:25,1
DA:26,0
DA:36,16
DA:37,16
DA:38,16
DA:39,16
DA:40,16
DA:41,16
DA:43,16
DA:44,16
DA:45,6
DA:46,6
DA:47,6
DA:48,6
DA:49,6
DA:50,6
DA:51,6
DA:52,6
DA:53,6
DA:54,6
DA:55,16
DA:56,16
DA:58,16
DA:59,6
DA:60,6
DA:61,6
DA:62,6
DA:63,6
DA:64,6
DA:65,6
DA:66,6
DA:67,6
DA:68,16
DA:70,16
DA:71,6
DA:72,6
DA:73,6
DA:74,6
DA:75,16
DA:86,16
DA:87,4
DA:88,4
DA:89,0
DA:90,0
DA:91,4
DA:93,4
DA:94,2
DA:95,2
DA:96,2
DA:97,2
DA:98,2
DA:99,2
DA:100,2
DA:101,2
DA:102,2
DA:103,2
DA:104,2
DA:105,2
DA:106,2
DA:107,2
DA:108,2
DA:109,2
DA:110,2
DA:111,2
DA:112,2
DA:113,2
DA:114,2
DA:115,2
DA:117,4
DA:118,2
DA:119,2
DA:120,2
DA:121,2
DA:122,2
DA:123,2
DA:124,2
DA:125,2
DA:126,2
DA:127,2
DA:128,2
DA:129,2
DA:130,2
DA:131,2
DA:132,2
DA:134,4
DA:135,2
DA:136,2
DA:137,2
DA:138,2
DA:139,2
DA:140,2
DA:141,2
DA:142,2
DA:143,2
DA:144,2
DA:145,2
DA:146,2
DA:147,4
DA:149,16
DA:150,16
DA:151,16
DA:152,16
DA:153,16
DA:154,16
DA:155,16
DA:156,8
DA:157,8
DA:158,8
DA:159,8
DA:160,8
DA:162,8
DA:163,8
DA:164,16
DA:165,16
DA:166,16
DA:167,16
DA:168,16
DA:170,16
DA:172,1
LF:124
LH:121
BRDA:25,0,0,0
BRDA:36,1,0,16
BRDA:153,2,0,1
BRDA:44,3,0,6
BRDA:58,4,0,6
BRDA:70,5,0,6
BRDA:73,6,0,5
BRDA:74,7,0,1
BRDA:86,8,0,4
BRDA:88,9,0,0
BRDA:93,10,0,2
BRDA:117,11,0,2
BRDA:134,12,0,2
BRDA:155,13,0,8
BRDA:156,14,0,4
BRDA:156,15,0,4
BRDA:160,16,0,4
BRF:17
BRH:15
end_of_record
TN:
SF:src\main.tsx
FN:1,(empty-report)
FNF:1
FNH:0
FNDA:0,(empty-report)
DA:1,0
DA:2,0
DA:3,0
DA:5,0
DA:7,0
DA:8,0
DA:9,0
DA:10,0
DA:11,0
LF:9
LH:0
BRDA:1,0,0,0
BRF:1
BRH:0
end_of_record
